#
# A fatal error has been detected by the Java Runtime Environment:
#
#  EXCEPTION_ACCESS_VIOLATION (0xc0000005) at pc=0x0000000070c5cac7, pid=956, tid=1740
#
# JRE version: Java(TM) SE Runtime Environment (8.0_45-b14) (build 1.8.0_45-b14)
# Java VM: Java HotSpot(TM) 64-Bit Server VM (25.45-b02 mixed mode windows-amd64 compressed oops)
# Problematic frame:
# V  [jvm.dll+0x14cac7]
#
# Failed to write core dump. Minidumps are not enabled by default on client versions of Windows
#
# If you would like to submit a bug report, please visit:
#   http://bugreport.java.com/bugreport/crash.jsp
#

---------------  T H R E A D  ---------------

Current thread (0x000000001697b800):  JavaThread "AWT-EventQueue-0" [_thread_in_vm, id=1740, stack(0x0000000017170000,0x0000000017270000)]

siginfo: ExceptionCode=0xc0000005, reading address 0x0000000000000000

Registers:
RAX=0x0000000000000000, RBX=0x000000001697b800, RCX=0x000000001697b800, RDX=0x00000000eba464a8
RSP=0x000000001726dee0, RBP=0x000000001726dfd8, RSI=0x000000001726e110, RDI=0x000000001697b9f8
R8 =0x0000000000000000, R9 =0x000000000000000e, R10=0x0000000000000000, R11=0x0000000000000200
R12=0x00000000176f8560, R13=0x0000000014b26a00, R14=0x000000001726e110, R15=0x000000001697b800
RIP=0x0000000070c5cac7, EFLAGS=0x0000000000010246

Top of Stack: (sp=0x000000001726dee0)
0x000000001726dee0:   0000000000000000 0000000014b29278
0x000000001726def0:   000000001697b800 0000000070c6c2e0
0x000000001726df00:   0000000017723520 0000000100119ba0
0x000000001726df10:   000000006b12b005 00000000026a9d60
0x000000001726df20:   000000006b12b005 000000000000000e
0x000000001726df30:   000000000013462e 000000001697b800
0x000000001726df40:   00000000165ccc38 000000000000063e
0x000000001726df50:   00000000711095a0 0000000070c6c45f
0x000000001726df60:   000000001697b800 00000000b0459219
0x000000001726df70:   0000000014cf80b0 000000006b12b005
0x000000001726df80:   000000001697b800 00000000176f8560
0x000000001726df90:   000000001697b800 000000000000000e
0x000000001726dfa0:   000000001726e110 000000001673ae00
0x000000001726dfb0:   000000001697b9f8 000000006b0c149c
0x000000001726dfc0:   000000001697b9f8 000000001673ae00
0x000000001726dfd0:   0000000000000000 000000000000000e 

Instructions: (pc=0x0000000070c5cac7)
0x0000000070c5caa7:   4c 24 58 e8 91 ad 12 00 48 8b 84 24 f0 00 00 00
0x0000000070c5cab7:   c7 44 24 48 0e 00 00 00 48 8d ac 24 f8 00 00 00
0x0000000070c5cac7:   48 8b 08 48 89 6c 24 40 48 8b 51 08 48 8d 4c 24
0x0000000070c5cad7:   78 0f b7 42 22 48 8b 52 08 48 8b 54 c2 50 e8 06 


Register to memory mapping:

RAX=0x0000000000000000 is an unknown value
RBX=0x000000001697b800 is a thread
RCX=0x000000001697b800 is a thread
RDX=0x00000000eba464a8 is an oop
java.lang.NoSuchMethodError 
 - klass: 'java/lang/NoSuchMethodError'
RSP=0x000000001726dee0 is pointing into the stack for thread: 0x000000001697b800
RBP=0x000000001726dfd8 is pointing into the stack for thread: 0x000000001697b800
RSI=0x000000001726e110 is pointing into the stack for thread: 0x000000001697b800
RDI=0x000000001697b9f8 is an unknown value
R8 =0x0000000000000000 is an unknown value
R9 =0x000000000000000e is an unknown value
R10=0x0000000000000000 is an unknown value
R11=0x0000000000000200 is an unknown value
R12=0x00000000176f8560 is an unknown value
R13=0x0000000014b26a00 is pointing into metadata
R14=0x000000001726e110 is pointing into the stack for thread: 0x000000001697b800
R15=0x000000001697b800 is a thread


Stack: [0x0000000017170000,0x0000000017270000],  sp=0x000000001726dee0,  free space=1015k
Native frames: (J=compiled Java code, j=interpreted, Vv=VM code, C=native code)
V  [jvm.dll+0x14cac7]
C  [sqlitejdbc.dll+0x149c]

Java frames: (J=compiled Java code, j=interpreted, Vv=VM code)
j  org.sqlite.NativeDB._open(Ljava/lang/String;)V+0
j  org.sqlite.DB.open(Lorg/sqlite/Conn;Ljava/lang/String;)V+7
j  org.sqlite.Conn.<init>(Ljava/lang/String;Ljava/lang/String;)V+289
j  org.sqlite.JDBC.connect(Ljava/lang/String;Ljava/util/Properties;)Ljava/sql/Connection;+43
j  java.sql.DriverManager.getConnection(Ljava/lang/String;Ljava/util/Properties;Ljava/lang/Class;)Ljava/sql/Connection;+171
j  java.sql.DriverManager.getConnection(Ljava/lang/String;)Ljava/sql/Connection;+13
j  DbConnection.dbConnector()Ljava/sql/Connection;+8
j  Login_page.<init>()V+18
j  Login_page$1.run()V+4
j  java.awt.event.InvocationEvent.dispatch()V+47
j  java.awt.EventQueue.dispatchEventImpl(Ljava/awt/AWTEvent;Ljava/lang/Object;)V+21
j  java.awt.EventQueue.access$500(Ljava/awt/EventQueue;Ljava/awt/AWTEvent;Ljava/lang/Object;)V+3
j  java.awt.EventQueue$3.run()Ljava/lang/Void;+32
j  java.awt.EventQueue$3.run()Ljava/lang/Object;+1
v  ~StubRoutines::call_stub
j  java.security.AccessController.doPrivileged(Ljava/security/PrivilegedAction;Ljava/security/AccessControlContext;)Ljava/lang/Object;+0
j  java.security.ProtectionDomain$1.doIntersectionPrivilege(Ljava/security/PrivilegedAction;Ljava/security/AccessControlContext;Ljava/security/AccessControlContext;)Ljava/lang/Object;+28
j  java.awt.EventQueue.dispatchEvent(Ljava/awt/AWTEvent;)V+46
j  java.awt.EventDispatchThread.pumpOneEventForFilters(I)V+245
j  java.awt.EventDispatchThread.pumpEventsForFilter(ILjava/awt/Conditional;Ljava/awt/EventFilter;)V+35
j  java.awt.EventDispatchThread.pumpEventsForHierarchy(ILjava/awt/Conditional;Ljava/awt/Component;)V+11
j  java.awt.EventDispatchThread.pumpEvents(ILjava/awt/Conditional;)V+4
j  java.awt.EventDispatchThread.pumpEvents(Ljava/awt/Conditional;)V+3
j  java.awt.EventDispatchThread.run()V+9
v  ~StubRoutines::call_stub

---------------  P R O C E S S  ---------------

Java Threads: ( => current thread )
  0x000000001771b000 JavaThread "Thread-1" [_thread_blocked, id=4496, stack(0x0000000017f80000,0x0000000018080000)]
  0x0000000017686800 JavaThread "Image Fetcher 0" daemon [_thread_blocked, id=876, stack(0x0000000017e80000,0x0000000017f80000)]
  0x0000000002660800 JavaThread "DestroyJavaVM" [_thread_blocked, id=1164, stack(0x0000000002560000,0x0000000002660000)]
=>0x000000001697b800 JavaThread "AWT-EventQueue-0" [_thread_in_vm, id=1740, stack(0x0000000017170000,0x0000000017270000)]
  0x000000001691a000 JavaThread "AWT-Windows" daemon [_thread_in_native, id=5068, stack(0x0000000016e80000,0x0000000016f80000)]
  0x0000000016915800 JavaThread "AWT-Shutdown" [_thread_blocked, id=4092, stack(0x0000000016d80000,0x0000000016e80000)]
  0x0000000016904800 JavaThread "Java2D Disposer" daemon [_thread_blocked, id=3136, stack(0x0000000016c80000,0x0000000016d80000)]
  0x0000000014d8d800 JavaThread "Service Thread" daemon [_thread_blocked, id=4312, stack(0x0000000016990000,0x0000000016a90000)]
  0x0000000014d37000 JavaThread "C1 CompilerThread2" daemon [_thread_blocked, id=2704, stack(0x0000000016490000,0x0000000016590000)]
  0x0000000014d33800 JavaThread "C2 CompilerThread1" daemon [_thread_blocked, id=4348, stack(0x0000000016390000,0x0000000016490000)]
  0x0000000014d30800 JavaThread "C2 CompilerThread0" daemon [_thread_in_native, id=2708, stack(0x0000000016290000,0x0000000016390000)]
  0x0000000014d27800 JavaThread "Attach Listener" daemon [_thread_blocked, id=2976, stack(0x0000000016190000,0x0000000016290000)]
  0x0000000014d26000 JavaThread "Signal Dispatcher" daemon [_thread_blocked, id=4452, stack(0x0000000016090000,0x0000000016190000)]
  0x0000000002756000 JavaThread "Finalizer" daemon [_thread_blocked, id=3040, stack(0x0000000015f90000,0x0000000016090000)]
  0x000000000274d800 JavaThread "Reference Handler" daemon [_thread_blocked, id=3140, stack(0x0000000015e90000,0x0000000015f90000)]

Other Threads:
  0x0000000014cf7800 VMThread [stack: 0x0000000015d90000,0x0000000015e90000] [id=4432]
  0x0000000014d85800 WatcherThread [stack: 0x0000000016a90000,0x0000000016b90000] [id=4908]

VM state:not at safepoint (normal execution)

VM Mutex/Monitor currently owned by a thread: None

Heap:
 PSYoungGen      total 18944K, used 6561K [0x00000000eb400000, 0x00000000ec900000, 0x0000000100000000)
  eden space 16384K, 40% used [0x00000000eb400000,0x00000000eba68508,0x00000000ec400000)
  from space 2560K, 0% used [0x00000000ec680000,0x00000000ec680000,0x00000000ec900000)
  to   space 2560K, 0% used [0x00000000ec400000,0x00000000ec400000,0x00000000ec680000)
 ParOldGen       total 44032K, used 0K [0x00000000c1c00000, 0x00000000c4700000, 0x00000000eb400000)
  object space 44032K, 0% used [0x00000000c1c00000,0x00000000c1c00000,0x00000000c4700000)
 Metaspace       used 9269K, capacity 9458K, committed 9728K, reserved 1058816K
  class space    used 1113K, capacity 1192K, committed 1280K, reserved 1048576K

Card table byte_map: [0x0000000011b20000,0x0000000011d20000] byte_map_base: 0x0000000011512000

Marking Bits: (ParMarkBitMap*) 0x0000000071314040
 Begin Bits: [0x0000000012270000, 0x0000000013200000)
 End Bits:   [0x0000000013200000, 0x0000000014190000)

Polling page: 0x0000000000d80000

CodeCache: size=245760Kb used=1890Kb max_used=1902Kb free=243869Kb
 bounds [0x0000000002760000, 0x00000000029d0000, 0x0000000011760000]
 total_blobs=783 nmethods=383 adapters=313
 compilation: enabled

Compilation events (10 events):
Event: 0.471 Thread 0x0000000014d33800 nmethod 378 0x0000000002927650 code [0x00000000029277c0, 0x0000000002927bc8]
Event: 0.471 Thread 0x0000000014d33800  379 % !   4       org.xerial.db.sql.sqlite.SQLiteJDBCLoader::md5sum @ 25 (73 bytes)
Event: 0.472 Thread 0x0000000014d30800 nmethod 375 0x00000000029359d0 code [0x0000000002935b20, 0x0000000002936748]
Event: 0.489 Thread 0x0000000014d33800 nmethod 379% 0x0000000002937050 code [0x0000000002937240, 0x0000000002937fc0]
Event: 0.489 Thread 0x0000000014d30800  380   !   4       org.xerial.db.sql.sqlite.SQLiteJDBCLoader::md5sum (73 bytes)
Event: 0.489 Thread 0x0000000014d33800  381       4       java.security.DigestInputStream::read (31 bytes)
Event: 0.501 Thread 0x0000000014d37000  383       1       sun.util.calendar.CalendarDate::isNormalized (5 bytes)
Event: 0.502 Thread 0x0000000014d37000 nmethod 383 0x0000000002927390 code [0x00000000029274e0, 0x00000000029275f0]
Event: 0.502 Thread 0x0000000014d37000  384       1       java.net.URL::getQuery (5 bytes)
Event: 0.502 Thread 0x0000000014d37000 nmethod 384 0x00000000029270d0 code [0x0000000002927220, 0x0000000002927330]

GC Heap History (0 events):
No events

Deoptimization events (4 events):
Event: 0.284 Thread 0x000000001697b800 Uncommon trap: reason=null_check action=make_not_entrant pc=0x00000000028d1c5c method=java.lang.String.equals(Ljava/lang/Object;)Z @ 8
Event: 0.463 Thread 0x000000001697b800 Uncommon trap: reason=unstable_if action=reinterpret pc=0x000000000293048c method=java.security.DigestInputStream.read()I @ 17
Event: 0.463 Thread 0x000000001697b800 Uncommon trap: reason=unstable_if action=reinterpret pc=0x0000000002929f1c method=org.xerial.db.sql.sqlite.SQLiteJDBCLoader.md5sum(Ljava/io/InputStream;)Ljava/lang/String; @ 29
Event: 0.464 Thread 0x000000001697b800 Uncommon trap: reason=unstable_if action=reinterpret pc=0x000000000292b420 method=sun.security.provider.DigestBase.engineUpdate(B)V @ 4

Internal exceptions (10 events):
Event: 0.136 Thread 0x0000000002660800 Exception <a 'java/security/PrivilegedActionException'> (0x00000000eb4d44e8) thrown at [C:\re\workspace\8-2-build-windows-amd64-cygwin\jdk8u45\3457\hotspot\src\share\vm\prims\jvm.cpp, line 1382]
Event: 0.137 Thread 0x0000000002660800 Exception <a 'java/security/PrivilegedActionException'> (0x00000000eb4d8280) thrown at [C:\re\workspace\8-2-build-windows-amd64-cygwin\jdk8u45\3457\hotspot\src\share\vm\prims\jvm.cpp, line 1382]
Event: 0.137 Thread 0x0000000002660800 Exception <a 'java/security/PrivilegedActionException'> (0x00000000eb4d8438) thrown at [C:\re\workspace\8-2-build-windows-amd64-cygwin\jdk8u45\3457\hotspot\src\share\vm\prims\jvm.cpp, line 1382]
Event: 0.141 Thread 0x0000000002660800 Exception <a 'java/io/FileNotFoundException'> (0x00000000eb4da9f0) thrown at [C:\re\workspace\8-2-build-windows-amd64-cygwin\jdk8u45\3457\hotspot\src\share\vm\prims\jni.cpp, line 709]
Event: 0.216 Thread 0x0000000002660800 Exception <a 'java/lang/NoSuchFieldError': method resolution failed> (0x00000000eb613580) thrown at [C:\re\workspace\8-2-build-windows-amd64-cygwin\jdk8u45\3457\hotspot\src\share\vm\prims\methodHandles.cpp, line 1125]
Event: 0.220 Thread 0x0000000002660800 Exception <a 'java/lang/NoSuchFieldError': method resolution failed> (0x00000000eb621fc0) thrown at [C:\re\workspace\8-2-build-windows-amd64-cygwin\jdk8u45\3457\hotspot\src\share\vm\prims\methodHandles.cpp, line 1125]
Event: 0.265 Thread 0x000000001697b800 Exception <a 'java/io/FileNotFoundException'> (0x00000000eb742b18) thrown at [C:\re\workspace\8-2-build-windows-amd64-cygwin\jdk8u45\3457\hotspot\src\share\vm\prims\jni.cpp, line 709]
Event: 0.284 Thread 0x000000001697b800 Implicit null exception at 0x00000000028d1a9b to 0x00000000028d1c4d
Event: 0.464 Thread 0x000000001697b800 Implicit null exception at 0x000000000292b14a to 0x000000000292b40d
Event: 0.502 Thread 0x000000001697b800 Exception <a 'java/lang/NoSuchMethodError': throwex> (0x00000000eba464a8) thrown at [C:\re\workspace\8-2-build-windows-amd64-cygwin\jdk8u45\3457\hotspot\src\share\vm\prims\jni.cpp, line 1598]

Events (10 events):
Event: 0.463 Thread 0x000000001697b800 Uncommon trap: trap_request=0xffffff65 fr.pc=0x0000000002929f1c
Event: 0.463 Thread 0x000000001697b800 DEOPT PACKING pc=0x0000000002929f1c sp=0x000000001726d760
Event: 0.463 Thread 0x000000001697b800 DEOPT UNPACKING pc=0x00000000027a582a sp=0x000000001726d708 mode 2
Event: 0.464 Thread 0x000000001697b800 Uncommon trap: trap_request=0xffffff65 fr.pc=0x000000000292b420
Event: 0.464 Thread 0x000000001697b800 DEOPT PACKING pc=0x000000000292b420 sp=0x000000001726d690
Event: 0.464 Thread 0x000000001697b800 DEOPT UNPACKING pc=0x00000000027a582a sp=0x000000001726d5f8 mode 2
Event: 0.489 Thread 0x000000001697b800 DEOPT PACKING pc=0x0000000002932466 sp=0x000000001726d6f0
Event: 0.489 Thread 0x000000001697b800 DEOPT UNPACKING pc=0x00000000027a787f sp=0x000000001726d478 mode 0
Event: 0.501 loading class org/sqlite/Function$Aggregate
Event: 0.501 loading class org/sqlite/Function$Aggregate done


Dynamic libraries:
0x00007ff622a60000 - 0x00007ff622a97000 	C:\Program Files\Java\jdk1.8.0_45\bin\javaw.exe
0x00007ffc01450000 - 0x00007ffc015f9000 	C:\Windows\SYSTEM32\ntdll.dll
0x00007ffbff980000 - 0x00007ffbffab9000 	C:\Windows\system32\KERNEL32.DLL
0x00007ffbfe950000 - 0x00007ffbfea5e000 	C:\Windows\system32\KERNELBASE.dll
0x00007ffbfd400000 - 0x00007ffbfd48b000 	C:\Windows\system32\apphelp.dll
0x00007ffbfbdf0000 - 0x00007ffbfbe3f000 	C:\Windows\AppPatch\AppPatch64\AcGenral.DLL
0x00007ffc013a0000 - 0x00007ffc01447000 	C:\Windows\system32\msvcrt.dll
0x00007ffbfe680000 - 0x00007ffbfe6ab000 	C:\Windows\SYSTEM32\SspiCli.dll
0x00007ffbff880000 - 0x00007ffbff8d1000 	C:\Windows\system32\SHLWAPI.dll
0x00007ffbff700000 - 0x00007ffbff871000 	C:\Windows\system32\USER32.dll
0x00007ffbfece0000 - 0x00007ffbfee56000 	C:\Windows\system32\ole32.dll
0x00007ffbffe60000 - 0x00007ffc01270000 	C:\Windows\system32\SHELL32.dll
0x00007ffbfde60000 - 0x00007ffbfde7f000 	C:\Windows\SYSTEM32\USERENV.dll
0x00007ffbffc00000 - 0x00007ffbffca5000 	C:\Windows\system32\ADVAPI32.dll
0x00007ffbf7040000 - 0x00007ffbf705b000 	C:\Windows\SYSTEM32\MPR.dll
0x00007ffbff0c0000 - 0x00007ffbff1f6000 	C:\Windows\system32\RPCRT4.dll
0x00007ffbff200000 - 0x00007ffbff257000 	C:\Windows\SYSTEM32\sechost.dll
0x00007ffbff500000 - 0x00007ffbff6d7000 	C:\Windows\SYSTEM32\combase.dll
0x00007ffbfee60000 - 0x00007ffbfefa5000 	C:\Windows\system32\GDI32.dll
0x00007ffbfe7d0000 - 0x00007ffbfe7e4000 	C:\Windows\SYSTEM32\profapi.dll
0x00007ffbfa6c0000 - 0x00007ffbfa761000 	C:\Windows\SYSTEM32\SHCORE.dll
0x00007ffbfefc0000 - 0x00007ffbfeff4000 	C:\Windows\system32\IMM32.DLL
0x00007ffbffac0000 - 0x00007ffbffbf8000 	C:\Windows\system32\MSCTF.dll
0x00007ffbfa1a0000 - 0x00007ffbfa3fa000 	C:\Windows\WinSxS\amd64_microsoft.windows.common-controls_6595b64144ccf1df_6.0.9600.16384_none_62475f7becb72503\COMCTL32.dll
0x0000000070960000 - 0x0000000070a32000 	C:\Program Files\Java\jdk1.8.0_45\jre\bin\msvcr100.dll
0x0000000070b10000 - 0x0000000071393000 	C:\Program Files\Java\jdk1.8.0_45\jre\bin\server\jvm.dll
0x00007ffbfa5d0000 - 0x00007ffbfa5d9000 	C:\Windows\SYSTEM32\WSOCK32.dll
0x00007ffbf44f0000 - 0x00007ffbf450f000 	C:\Windows\SYSTEM32\WINMM.dll
0x00007ffbf6840000 - 0x00007ffbf684a000 	C:\Windows\SYSTEM32\VERSION.dll
0x00007ffbff6f0000 - 0x00007ffbff6f7000 	C:\Windows\system32\PSAPI.DLL
0x00007ffbff4a0000 - 0x00007ffbff4f8000 	C:\Windows\system32\WS2_32.dll
0x00007ffbf4430000 - 0x00007ffbf445a000 	C:\Windows\SYSTEM32\WINMMBASE.dll
0x00007ffbffe50000 - 0x00007ffbffe59000 	C:\Windows\system32\NSI.dll
0x00007ffbfec90000 - 0x00007ffbfecda000 	C:\Windows\SYSTEM32\cfgmgr32.dll
0x00007ffbfd650000 - 0x00007ffbfd676000 	C:\Windows\SYSTEM32\DEVOBJ.dll
0x0000000070b00000 - 0x0000000070b0f000 	C:\Program Files\Java\jdk1.8.0_45\jre\bin\verify.dll
0x0000000070ad0000 - 0x0000000070af9000 	C:\Program Files\Java\jdk1.8.0_45\jre\bin\java.dll
0x0000000070ab0000 - 0x0000000070ac6000 	C:\Program Files\Java\jdk1.8.0_45\jre\bin\zip.dll
0x00000000707c0000 - 0x0000000070958000 	C:\Program Files\Java\jdk1.8.0_45\jre\bin\awt.dll
0x00007ffbff000000 - 0x00007ffbff0b7000 	C:\Windows\system32\OLEAUT32.dll
0x00007ffbfd4d0000 - 0x00007ffbfd5f2000 	C:\Windows\system32\uxtheme.dll
0x00007ffbfa4c0000 - 0x00007ffbfa4e1000 	C:\Windows\system32\dwmapi.dll
0x00007ffbfd6a0000 - 0x00007ffbfd6aa000 	C:\Windows\SYSTEM32\kernel.appcore.dll
0x00007ffbfe710000 - 0x00007ffbfe71a000 	C:\Windows\SYSTEM32\CRYPTBASE.dll
0x00007ffbfe6b0000 - 0x00007ffbfe70e000 	C:\Windows\SYSTEM32\bcryptPrimitives.dll
0x0000000070780000 - 0x00000000707b1000 	C:\Program Files\Java\jdk1.8.0_45\jre\bin\jpeg.dll
0x000000006b0c0000 - 0x000000006b13c000 	C:\Users\Reema Narang\AppData\Local\Temp\sqlitejdbc.dll
0x00007ffbef240000 - 0x00007ffbef3c8000 	C:\Windows\SYSTEM32\dbghelp.dll

VM Arguments:
jvm_args: -Dfile.encoding=Cp1252 
java_command: Login_page
java_class_path (initial): C:\Users\Reema Narang\workspace\ClinicProject\bin;C:\Users\Reema Narang\workspace\ClinicProject\Resource\sqlite-jdbc-3.5.8.jar;C:\Users\Reema Narang\workspace\ClinicProject\forms-1.3.0.jar;C:\Users\Reema Narang\workspace\ClinicProject\miglayout15-swing.jar;C:\Users\Reema Narang\workspace\ClinicProject\Resource\anelab-thread-java.jar;C:\Users\Reema Narang\workspace\ClinicProject\Resource\org.eclipse.jetty.util.jar;C:\Users\Reema Narang\workspace\ClinicProject\Resource\sqlite-jdbc-3.6.20.1.jar
Launcher Type: SUN_STANDARD

Environment Variables:
CLASSPATH=.
PATH=C:/Program Files/Java/jdk1.8.0_45/bin/../jre/bin/server;C:/Program Files/Java/jdk1.8.0_45/bin/../jre/bin;C:/Program Files/Java/jdk1.8.0_45/bin/../jre/lib/amd64;C:\Program Files\Java\jdk1.8.0_45\bin;C:\Windows\System32;E:\Software\Eclipse 64-bit\eclipse;
USERNAME=Reema
OS=Windows_NT
PROCESSOR_IDENTIFIER=Intel64 Family 6 Model 69 Stepping 1, GenuineIntel



---------------  S Y S T E M  ---------------

OS: Windows 8.1 , 64 bit Build 9600 (6.3.9600.16441)

CPU:total 4 (2 cores per cpu, 2 threads per core) family 6 model 69 stepping 1, cmov, cx8, fxsr, mmx, sse, sse2, sse3, ssse3, sse4.1, sse4.2, popcnt, avx, avx2, aes, clmul, erms, lzcnt, ht, tsc, tscinvbit, bmi1, bmi2

Memory: 4k page, physical 4075160k(2451056k free), swap 4796056k(2621904k free)

vm_info: Java HotSpot(TM) 64-Bit Server VM (25.45-b02) for windows-amd64 JRE (1.8.0_45-b14), built on Apr 10 2015 10:34:15 by "java_re" with MS VC++ 10.0 (VS2010)

time: Thu Apr 23 22:52:47 2015
elapsed time: 0 seconds (0d 0h 0m 0s)

